0 info it worked if it ends with ok
1 verbose cli [ 'C:\\Program Files\\nodejs\\node.exe',
1 verbose cli   'C:\\Program Files\\nodejs\\node_modules\\npm\\bin\\npm-cli.js',
1 verbose cli   'run',
1 verbose cli   'dev' ]
2 info using npm@3.10.10
3 info using node@v6.17.1
4 verbose run-script [ 'predev', 'dev', 'postdev' ]
5 info lifecycle hr-portal@1.0.0~predev: hr-portal@1.0.0
6 silly lifecycle hr-portal@1.0.0~predev: no script for predev, continuing
7 info lifecycle hr-portal@1.0.0~dev: hr-portal@1.0.0
8 verbose lifecycle hr-portal@1.0.0~dev: unsafe-perm in lifecycle true
9 verbose lifecycle hr-portal@1.0.0~dev: PATH: C:\Users\ACER\AppData\Roaming\nvm\v6.17.1\node_modules\npm\bin\node-gyp-bin;D:\WebDev Projects\Posist Technologies Training\HR-Portal\node_modules\.bin;D:\Apps\GitHub\Git\mingw64\bin;D:\Apps\GitHub\Git\usr\bin;C:\Users\ACER\bin;D:\Course Softwares\Amazon Corretto\jdk11.0.10_9\bin;C:\Windows\system32;C:\Windows;C:\Windows\System32\Wbem;C:\Windows\System32\WindowsPowerShell\v1.0;C:\Windows\System32\OpenSSH;C:\Program Files\NVIDIA Corporation\NVIDIA NvDLISR;C:\WINDOWS\system32;C:\WINDOWS;C:\WINDOWS\System32\Wbem;C:\WINDOWS\System32\WindowsPowerShell\v1.0;C:\WINDOWS\System32\OpenSSH;D:\Apps\GitHub\Git\cmd;D:\Softwares\PostgreSQL\bin;C:\Users\ACER\AppData\Roaming\nvm;C:\Program Files\nodejs;C:\Users\ACER\AppData\Roaming\npm;D:\Softwares\Python\Scripts;D:\Softwares\Python;D:\Softwares\Amazon Corretto\jdk11.0.10_9\bin;D:\Softwares\SQLite\sqlite-tools-win32-x86-3360000;C:\Users\ACER\AppData\Local\Microsoft\WindowsApps;C:\Program Files\heroku\bin;C:\Users\ACER\AppData\Roaming\nvm;C:\Program Files\nodejs;C:\Program Files\nodejs;C:\Users\ACER\AppData\Roaming\npm;C:\Program Files\MongoDB\Server\3.2\bin
10 verbose lifecycle hr-portal@1.0.0~dev: CWD: D:\WebDev Projects\Posist Technologies Training\HR-Portal
11 silly lifecycle hr-portal@1.0.0~dev: Args: [ '/d /s /c', 'nodemon server' ]
12 silly lifecycle hr-portal@1.0.0~dev: Returned: code: 1  signal: null
13 info lifecycle hr-portal@1.0.0~dev: Failed to exec dev script
14 verbose stack Error: hr-portal@1.0.0 dev: `nodemon server`
14 verbose stack Exit status 1
14 verbose stack     at EventEmitter.<anonymous> (C:\Users\ACER\AppData\Roaming\nvm\v6.17.1\node_modules\npm\lib\utils\lifecycle.js:255:16)
14 verbose stack     at emitTwo (events.js:106:13)
14 verbose stack     at EventEmitter.emit (events.js:191:7)
14 verbose stack     at ChildProcess.<anonymous> (C:\Users\ACER\AppData\Roaming\nvm\v6.17.1\node_modules\npm\lib\utils\spawn.js:40:14)
14 verbose stack     at emitTwo (events.js:106:13)
14 verbose stack     at ChildProcess.emit (events.js:191:7)
14 verbose stack     at maybeClose (internal/child_process.js:920:16)
14 verbose stack     at Process.ChildProcess._handle.onexit (internal/child_process.js:230:5)
15 verbose pkgid hr-portal@1.0.0
16 verbose cwd D:\WebDev Projects\Posist Technologies Training\HR-Portal
17 error Windows_NT 10.0.22621
18 error argv "C:\\Program Files\\nodejs\\node.exe" "C:\\Program Files\\nodejs\\node_modules\\npm\\bin\\npm-cli.js" "run" "dev"
19 error node v6.17.1
20 error npm  v3.10.10
21 error code ELIFECYCLE
22 error hr-portal@1.0.0 dev: `nodemon server`
22 error Exit status 1
23 error Failed at the hr-portal@1.0.0 dev script 'nodemon server'.
23 error Make sure you have the latest version of node.js and npm installed.
23 error If you do, this is most likely a problem with the hr-portal package,
23 error not with npm itself.
23 error Tell the author that this fails on your system:
23 error     nodemon server
23 error You can get information on how to open an issue for this project with:
23 error     npm bugs hr-portal
23 error Or if that isn't available, you can get their info via:
23 error     npm owner ls hr-portal
23 error There is likely additional logging output above.
24 verbose exit [ 1, true ]
